<?xml version="1.0" encoding="UTF-8" ?>
<testsuite errors="0" failures="0" hostname="MacBook.local" name="AuthenticationTagLibTests" tests="3" time="0.251" timestamp="2008-04-21T23:29:14">
  <properties />
  <testcase classname="AuthenticationTagLibTests" name="testAuthForm" time="0.206" />
  <testcase classname="AuthenticationTagLibTests" name="testLogoutLink" time="0.02" />
  <testcase classname="AuthenticationTagLibTests" name="testLogoutLinkPartialParams" time="0.012" />
  <system-out><![CDATA[--Output from testAuthForm--
<form action="/authentication/login" method="post" ><input type="hidden" name="success_controller" value="good" id="success_controller" /><input type="hidden" name="success_action" value="loggedIn" id="success_action" /><input type="hidden" name="error_controller" value="bad" id="error_controller" /><input type="hidden" name="error_action" value="failed" id="error_action" /></form>
--Output from testLogoutLink--
--Output from testLogoutLinkPartialParams--
]]></system-out>
  <system-err><![CDATA[--Output from testAuthForm--
--Output from testLogoutLink--
--Output from testLogoutLinkPartialParams--
]]></system-err>
</testsuite>
