<?xml version="1.0" encoding="UTF-8" ?>
<testsuite errors="0" failures="0" hostname="MacBook.local" name="AuthenticationControllerTests" tests="9" time="0.99" timestamp="2008-04-21T23:29:13">
  <properties />
  <testcase classname="AuthenticationControllerTests" name="testSignupWithDataWithFlash" time="0.235" />
  <testcase classname="AuthenticationControllerTests" name="testSignupWithData" time="0.036" />
  <testcase classname="AuthenticationControllerTests" name="testSignupWithBadData" time="0.138" />
  <testcase classname="AuthenticationControllerTests" name="testSignupWithBadDataWithFlash" time="0.04" />
  <testcase classname="AuthenticationControllerTests" name="testSignupWithLoginAlreadyTaken" time="0.023" />
  <testcase classname="AuthenticationControllerTests" name="testSignupWithEmailConfirmationRequired" time="0.076" />
  <testcase classname="AuthenticationControllerTests" name="testLogin" time="0.029" />
  <testcase classname="AuthenticationControllerTests" name="testLoginLogout" time="0.022" />
  <testcase classname="AuthenticationControllerTests" name="testLoginWithFlash" time="0.034" />
  <system-out><![CDATA[--Output from testSignupWithDataWithFlash--
--Output from testSignupWithData--
--Output from testSignupWithBadData--
--Output from testSignupWithBadDataWithFlash--
--Output from testSignupWithLoginAlreadyTaken--
--Output from testSignupWithEmailConfirmationRequired--
--Output from testLogin--
--Output from testLoginLogout--
user is: authentication.AuthenticatedUser@5bd62e
--Output from testLoginWithFlash--
]]></system-out>
  <system-err><![CDATA[--Output from testSignupWithDataWithFlash--
--Output from testSignupWithData--
--Output from testSignupWithBadData--
--Output from testSignupWithBadDataWithFlash--
--Output from testSignupWithLoginAlreadyTaken--
--Output from testSignupWithEmailConfirmationRequired--
--Output from testLogin--
--Output from testLoginLogout--
--Output from testLoginWithFlash--
]]></system-err>
</testsuite>
